<?xml version="1.0" encoding="UTF-8"?>
<testsuite xmlns:xsi="http://www.w3.org/2001/XMLSchema-instance" xsi:noNamespaceSchemaLocation="https://maven.apache.org/surefire/maven-surefire-plugin/xsd/surefire-test-report-3.0.xsd" version="3.0" name="com.mycompany.trabalho03oo.model.ProdutoTest$ComportamentosEspeciais" time="0.035" tests="7" errors="0" skipped="0" failures="0">
  <properties>
[...]
</properties>
  <testcase name="testToString_ComCamposNulos" classname="com.mycompany.trabalho03oo.model.ProdutoTest$ComportamentosEspeciais" time="0.003"/>
  <testcase name="testToString_DeveConterInformacoesProduto" classname="com.mycompany.trabalho03oo.model.ProdutoTest$ComportamentosEspeciais" time="0.002"/>
  <testcase name="testEstoqueZero_DeveSerPermitido" classname="com.mycompany.trabalho03oo.model.ProdutoTest$ComportamentosEspeciais" time="0.002"/>
  <testcase name="testEqualsHashCode_BaseadoNoId" classname="com.mycompany.trabalho03oo.model.ProdutoTest$ComportamentosEspeciais" time="0.003"/>
  <testcase name="testIntegridade_MultiplasAlteracoes" classname="com.mycompany.trabalho03oo.model.ProdutoTest$ComportamentosEspeciais" time="0.002"/>
  <testcase name="testEstoqueMinimoZero_ComportamentoConsistente" classname="com.mycompany.trabalho03oo.model.ProdutoTest$ComportamentosEspeciais" time="0.003"/>
  <testcase name="testToString_ComEstoqueBaixo" classname="com.mycompany.trabalho03oo.model.ProdutoTest$ComportamentosEspeciais" time="0.002"/>
</testsuite>